Backup started at Thursday 07 November 2024 12:49:29 PM IST
Copied /home/bikram007/.p10k.zsh to /home/bikram007/dotfile/shell
Copied /home/bikram007/.bashrc to /home/bikram007/dotfile/shell
Copied /home/bikram007/.zshrc to /home/bikram007/dotfile/shell
Copied /home/bikram007/.config/nvim to /home/bikram007/dotfile/config
Copied /home/bikram007/.config/hypr to /home/bikram007/dotfile/config
Copied /home/bikram007/.config/kitty to /home/bikram007/dotfile/config
Copied /home/bikram007/.config/yazi to /home/bikram007/dotfile/config
Copied /home/bikram007/.config/spicetify to /home/bikram007/dotfile/config
Backup completed at Thursday 07 November 2024 12:49:29 PM IST
Backup started at Thursday 07 November 2024 12:53:38 PM IST
Copied /home/bikram007/.p10k.zsh to /home/bikram007/dotfile/shell
Copied /home/bikram007/.bashrc to /home/bikram007/dotfile/shell
Copied /home/bikram007/.zshrc to /home/bikram007/dotfile/shell
Copied /home/bikram007/.config/nvim to /home/bikram007/dotfile/config
Copied /home/bikram007/.config/hypr to /home/bikram007/dotfile/config
Copied /home/bikram007/.config/kitty to /home/bikram007/dotfile/config
Copied /home/bikram007/.config/yazi to /home/bikram007/dotfile/config
Copied /home/bikram007/.config/spicetify to /home/bikram007/dotfile/config
Copied /home/bikram007/.config/waybar to /home/bikram007/dotfile/config
Backup completed at Thursday 07 November 2024 12:53:38 PM IST
Backup started at Thursday 07 November 2024 01:04:57 PM IST
Copied /home/bikram007/.p10k.zsh to /home/bikram007/dotfile/shell
Copied /home/bikram007/.bashrc to /home/bikram007/dotfile/shell
Copied /home/bikram007/.zshrc to /home/bikram007/dotfile/shell
Copied /home/bikram007/.config/nvim to /home/bikram007/dotfile/config
Copied /home/bikram007/.config/hypr to /home/bikram007/dotfile/config
Copied /home/bikram007/.config/kitty to /home/bikram007/dotfile/config
Copied /home/bikram007/.config/yazi to /home/bikram007/dotfile/config
Copied /home/bikram007/.config/spicetify to /home/bikram007/dotfile/config
Copied /home/bikram007/.config/waybar to /home/bikram007/dotfile/config
Backup completed at Thursday 07 November 2024 01:04:57 PM IST
Backup started at Thursday 07 November 2024 01:19:04 PM IST
Copied /home/bikram007/.p10k.zsh to /home/bikram007/dotfile/shell
Copied /home/bikram007/.bashrc to /home/bikram007/dotfile/shell
Copied /home/bikram007/.zshrc to /home/bikram007/dotfile/shell
Copied /home/bikram007/.config/nvim to /home/bikram007/dotfile
Copied /home/bikram007/.config/hypr to /home/bikram007/dotfile
Copied /home/bikram007/.config/kitty to /home/bikram007/dotfile
Copied /home/bikram007/.config/yazi to /home/bikram007/dotfile
Copied /home/bikram007/.config/spicetify to /home/bikram007/dotfile
Copied /home/bikram007/.config/waybar to /home/bikram007/dotfile
Backup completed at Thursday 07 November 2024 01:19:04 PM IST
